Loading required package: Rcpp
Loading required package: RcppZiggurat
Loading required package: RcppParallel

Attaching package: ‘RcppParallel’

The following object is masked from ‘package:Rcpp’:

    LdFlags


Rfast: 2.1.0
 ___ __ __ __ __    __ __ __ __ __ _             _               __ __ __ __ __     __ __ __ __ __ __   
|  __ __ __ __  |  |  __ __ __ __ _/            / \             |  __ __ __ __ /   /__ __ _   _ __ __\  
| |           | |  | |                         / _ \            | |                        / /          
| |           | |  | |                        / / \ \           | |                       / /          
| |           | |  | |                       / /   \ \          | |                      / /          
| |__ __ __ __| |  | |__ __ __ __           / /     \ \         | |__ __ __ __ _        / /__/\          
|    __ __ __ __|  |  __ __ __ __|         / /__ _ __\ \        |_ __ __ __ _   |      / ___  /           
|   \              | |                    / _ _ _ _ _ _ \                     | |      \/  / /       
| |\ \             | |                   / /           \ \                    | |         / /          
| | \ \            | |                  / /             \ \                   | |        / /          
| |  \ \           | |                 / /               \ \                  | |       / /          
| |   \ \__ __ _   | |                / /                 \ \     _ __ __ __ _| |      / /          
|_|    \__ __ __\  |_|               /_/                   \_\   /_ __ __ __ ___|      \/             team

Attaching package: ‘mvnfast’

The following objects are masked from ‘package:Rfast’:

    dmvt, rmvt

[1] "2019-12-31"
[1] 3084
[1] 797
[1] 3881
[1] 3881
[1] TRUE
[1] "0.1%"
Time difference of 47.27943 secs
Time difference of 47.28025 secs
[1] 0.56 0.67 0.63
[1] "0.2%"
Time difference of 46.63947 secs
Time difference of 1.565335 mins
[1] 0.51 0.69 0.66
[1] "0.3%"
Time difference of 46.57969 secs
Time difference of 2.341667 mins
[1] 0.52 0.71 0.64
[1] "0.4%"
Time difference of 46.49811 secs
Time difference of 3.11664 mins
[1] 0.50 0.69 0.65
[1] "0.5%"
Time difference of 46.6249 secs
Time difference of 3.893726 mins
[1] 0.48 0.67 0.67
[1] "0.6%"
Time difference of 46.59571 secs
Time difference of 4.670325 mins
[1] 0.47 0.66 0.67
[1] "0.7%"
Time difference of 46.46778 secs
Time difference of 5.444793 mins
[1] 0.48 0.66 0.66
[1] "0.8%"
Time difference of 46.47392 secs
Time difference of 6.219363 mins
[1] 0.49 0.67 0.66
[1] "0.9%"
Time difference of 46.3416 secs
Time difference of 6.991727 mins
[1] 0.49 0.66 0.66
[1] "1%"
Time difference of 46.30213 secs
Time difference of 7.763434 mins
[1] 0.50 0.66 0.66
[1] "1.1%"
Time difference of 46.3632 secs
Time difference of 8.536159 mins
[1] 0.50 0.65 0.66
[1] "1.2%"
Time difference of 46.27777 secs
Time difference of 9.307459 mins
[1] 0.50 0.65 0.66
[1] "1.3%"
Time difference of 46.30916 secs
Time difference of 10.07928 mins
[1] 0.50 0.65 0.65
[1] "1.4%"
Time difference of 46.31686 secs
Time difference of 10.85124 mins
[1] 0.50 0.64 0.65
[1] "1.5%"
Time difference of 46.32588 secs
Time difference of 11.62334 mins
[1] 0.49 0.64 0.65
[1] "1.6%"
Time difference of 46.31646 secs
Time difference of 12.39528 mins
[1] 0.49 0.64 0.65
[1] "1.7%"
Time difference of 46.24209 secs
Time difference of 13.16599 mins
[1] 0.48 0.63 0.64
[1] "1.8%"
Time difference of 46.33461 secs
Time difference of 13.93824 mins
[1] 0.48 0.63 0.63
[1] "1.9%"
Time difference of 46.22463 secs
Time difference of 14.70865 mins
[1] 0.49 0.62 0.63
[1] "2%"
Time difference of 46.23366 secs
Time difference of 15.47922 mins
[1] 0.49 0.62 0.63
[1] "2.1%"
Time difference of 46.22683 secs
Time difference of 16.24967 mins
[1] 0.48 0.61 0.62
[1] "2.2%"
Time difference of 46.24477 secs
Time difference of 17.02042 mins
[1] 0.48 0.61 0.62
[1] "2.3%"
Time difference of 46.15539 secs
Time difference of 17.78968 mins
[1] 0.48 0.60 0.62
[1] "2.4%"
Time difference of 46.17897 secs
Time difference of 18.55934 mins
[1] 0.47 0.60 0.61
[1] "2.5%"
Time difference of 46.11351 secs
Time difference of 19.3279 mins
[1] 0.47 0.59 0.60
[1] "2.6%"
Time difference of 46.05704 secs
Time difference of 20.09552 mins
[1] 0.47 0.57 0.59
[1] "2.7%"
Time difference of 46.05685 secs
Time difference of 20.86314 mins
[1] 0.47 0.56 0.57
[1] "2.8%"
Time difference of 46.142 secs
Time difference of 21.63218 mins
[1] 0.47 0.56 0.57
[1] "2.9%"
Time difference of 46.10832 secs
Time difference of 22.40066 mins
[1] 0.46 0.55 0.56
[1] "3%"
Time difference of 46.02584 secs
Time difference of 23.16776 mins
[1] 0.46 0.54 0.55
[1] "3.1%"
Time difference of 46.13403 secs
Time difference of 23.93667 mins
[1] 0.46 0.53 0.54
[1] "3.2%"
Time difference of 46.06946 secs
Time difference of 24.7045 mins
[1] 0.46 0.52 0.53
[1] "3.3%"
Time difference of 46.07805 secs
Time difference of 25.47247 mins
[1] 0.45 0.51 0.52
[1] "3.4%"
Time difference of 46.07859 secs
Time difference of 26.24045 mins
[1] 0.45 0.51 0.51
[1] "3.5%"
Time difference of 46.07867 secs
Time difference of 27.00843 mins
[1] 0.45 0.50 0.51
[1] "3.6%"
Time difference of 46.05218 secs
Time difference of 27.77598 mins
[1] 0.45 0.50 0.50
[1] "3.7%"
Time difference of 46.02704 secs
Time difference of 28.5431 mins
[1] 0.44 0.49 0.49
[1] "3.8%"
Time difference of 46.16988 secs
Time difference of 29.3126 mins
[1] 0.44 0.48 0.49
[1] "3.9%"
Time difference of 46.02025 secs
Time difference of 30.07961 mins
[1] 0.44 0.48 0.48
[1] "4%"
Time difference of 46.16799 secs
Time difference of 30.84908 mins
[1] 0.44 0.47 0.48
[1] "4.1%"
Time difference of 46.08286 secs
Time difference of 31.61714 mins
[1] 0.44 0.47 0.47
[1] "4.2%"
Time difference of 46.06592 secs
Time difference of 32.38491 mins
[1] 0.44 0.46 0.47
[1] "4.3%"
Time difference of 46.12311 secs
Time difference of 33.15363 mins
[1] 0.44 0.46 0.46
[1] "4.4%"
Time difference of 46.02638 secs
Time difference of 33.92074 mins
[1] 0.44 0.45 0.46
[1] "4.5%"
Time difference of 45.98706 secs
Time difference of 34.6872 mins
[1] 0.44 0.45 0.45
[1] "4.6%"
Time difference of 46.01038 secs
Time difference of 35.45404 mins
[1] 0.44 0.45 0.45
[1] "4.7%"
Time difference of 46.51828 secs
Time difference of 36.22935 mins
[1] 0.44 0.44 0.44
[1] "4.8%"
Time difference of 46.1158 secs
Time difference of 36.99796 mins
[1] 0.43 0.44 0.44
[1] "4.9%"
Time difference of 46.08027 secs
Time difference of 37.76597 mins
[1] 0.43 0.44 0.44
[1] "5%"
Time difference of 46.1027 secs
Time difference of 38.53435 mins
[1] 0.43 0.43 0.44
[1] "5.1%"
Time difference of 45.9613 secs
Time difference of 39.30038 mins
[1] 0.43 0.43 0.43
[1] "5.2%"
Time difference of 46.12553 secs
Time difference of 40.06914 mins
[1] 0.43 0.43 0.43
[1] "5.3%"
Time difference of 46.03987 secs
Time difference of 40.83648 mins
[1] 0.43 0.42 0.43
[1] "5.4%"
Time difference of 46.05174 secs
Time difference of 41.60401 mins
[1] 0.42 0.42 0.43
[1] "5.5%"
Time difference of 46.07789 secs
Time difference of 42.37199 mins
[1] 0.42 0.42 0.42
[1] "5.6%"
Time difference of 46.09079 secs
Time difference of 43.14017 mins
[1] 0.42 0.42 0.42
[1] "5.7%"
Time difference of 45.81004 secs
Time difference of 43.90368 mins
[1] 0.42 0.41 0.42
[1] "5.8%"
Time difference of 45.64846 secs
Time difference of 44.66449 mins
[1] 0.42 0.41 0.41
[1] "5.9%"
Time difference of 45.64207 secs
Time difference of 45.4252 mins
[1] 0.42 0.41 0.41
[1] "6%"
Time difference of 45.62214 secs
Time difference of 46.18557 mins
[1] 0.42 0.41 0.41
[1] "6.1%"
Time difference of 45.69315 secs
Time difference of 46.94713 mins
[1] 0.42 0.41 0.41
[1] "6.2%"
Time difference of 45.64685 secs
Time difference of 47.70792 mins
[1] 0.42 0.40 0.40
[1] "6.3%"
Time difference of 45.57513 secs
Time difference of 48.46751 mins
[1] 0.42 0.40 0.40
[1] "6.4%"
Time difference of 47.00772 secs
Time difference of 49.25154 mins
[1] 0.42 0.40 0.40
[1] "6.5%"
Time difference of 45.67081 secs
Time difference of 50.01273 mins
[1] 0.42 0.40 0.40
[1] "6.6%"
Time difference of 45.70228 secs
Time difference of 50.77444 mins
[1] 0.42 0.40 0.40
[1] "6.7%"
Time difference of 45.67787 secs
Time difference of 51.53574 mins
[1] 0.42 0.39 0.39
[1] "6.8%"
Time difference of 45.67621 secs
Time difference of 52.29702 mins
[1] 0.42 0.39 0.39
[1] "6.9%"
Time difference of 45.65982 secs
Time difference of 53.05802 mins
[1] 0.41 0.39 0.39
[1] "7%"
Time difference of 45.64626 secs
Time difference of 53.8188 mins
[1] 0.41 0.39 0.39
[1] "7.1%"
Time difference of 45.68067 secs
Time difference of 54.58015 mins
[1] 0.41 0.39 0.39
[1] "7.2%"
Time difference of 45.61249 secs
Time difference of 55.34036 mins
[1] 0.41 0.38 0.39
[1] "7.3%"
Time difference of 45.66466 secs
Time difference of 56.10145 mins
[1] 0.41 0.38 0.39
[1] "7.4%"
Time difference of 45.58605 secs
Time difference of 56.86122 mins
[1] 0.41 0.38 0.39
[1] "7.5%"
Time difference of 45.62508 secs
Time difference of 57.62164 mins
[1] 0.41 0.38 0.38
[1] "7.6%"
Time difference of 45.64833 secs
Time difference of 58.38245 mins
[1] 0.41 0.38 0.38
[1] "7.7%"
Time difference of 45.59313 secs
Time difference of 59.14235 mins
[1] 0.41 0.38 0.38
[1] "7.8%"
Time difference of 45.58661 secs
Time difference of 59.90213 mins
[1] 0.41 0.38 0.38
[1] "7.9%"
Time difference of 45.6791 secs
Time difference of 1.011058 hours
[1] 0.41 0.37 0.38
[1] "8%"
Time difference of 45.7028 secs
Time difference of 1.023753 hours
[1] 0.41 0.37 0.38
[1] "8.1%"
Time difference of 45.76414 secs
Time difference of 1.036465 hours
[1] 0.41 0.37 0.38
[1] "8.2%"
Time difference of 45.54341 secs
Time difference of 1.049116 hours
[1] 0.41 0.37 0.37
[1] "8.3%"
Time difference of 45.67292 secs
Time difference of 1.061803 hours
[1] 0.41 0.37 0.37
[1] "8.4%"
Time difference of 45.64684 secs
Time difference of 1.074483 hours
[1] 0.41 0.37 0.37
[1] "8.5%"
Time difference of 45.68418 secs
Time difference of 1.087173 hours
[1] 0.41 0.37 0.37
[1] "8.6%"
Time difference of 45.67903 secs
Time difference of 1.099862 hours
[1] 0.41 0.37 0.37
[1] "8.7%"
Time difference of 45.71177 secs
Time difference of 1.11256 hours
[1] 0.41 0.36 0.37
[1] "8.8%"
Time difference of 45.65789 secs
Time difference of 1.125243 hours
[1] 0.40 0.36 0.37
[1] "8.9%"
Time difference of 45.6236 secs
Time difference of 1.137916 hours
[1] 0.40 0.36 0.37
[1] "9%"
Time difference of 45.63665 secs
Time difference of 1.150593 hours
[1] 0.40 0.36 0.37
[1] "9.1%"
Time difference of 45.61343 secs
Time difference of 1.163263 hours
[1] 0.40 0.36 0.37
[1] "9.2%"
Time difference of 45.63098 secs
Time difference of 1.175939 hours
[1] 0.40 0.36 0.37
[1] "9.3%"
Time difference of 45.65612 secs
Time difference of 1.188621 hours
[1] 0.40 0.36 0.37
[1] "9.4%"
Time difference of 45.58107 secs
Time difference of 1.201283 hours
[1] 0.40 0.35 0.36
[1] "9.5%"
Time difference of 45.60785 secs
Time difference of 1.213952 hours
[1] 0.40 0.35 0.36
[1] "9.6%"
Time difference of 45.63148 secs
Time difference of 1.226627 hours
[1] 0.40 0.35 0.36
[1] "9.7%"
Time difference of 45.60363 secs
Time difference of 1.239295 hours
[1] 0.40 0.35 0.36
[1] "9.8%"
Time difference of 45.66112 secs
Time difference of 1.251979 hours
[1] 0.40 0.35 0.36
[1] "9.9%"
Time difference of 45.70395 secs
Time difference of 1.264674 hours
[1] 0.40 0.35 0.36
[1] "10%"
Time difference of 45.63668 secs
Time difference of 1.277351 hours
[1] 0.40 0.35 0.36
[1] "10.1%"
Time difference of 45.64062 secs
Time difference of 1.290029 hours
[1] 0.40 0.35 0.36
[1] "10.2%"
Time difference of 45.65254 secs
Time difference of 1.302711 hours
[1] 0.40 0.35 0.36
[1] "10.3%"
Time difference of 45.66411 secs
Time difference of 1.315395 hours
[1] 0.40 0.35 0.36
[1] "10.4%"
Time difference of 45.62432 secs
Time difference of 1.328069 hours
[1] 0.40 0.34 0.35
[1] "10.5%"
Time difference of 45.62461 secs
Time difference of 1.340742 hours
[1] 0.40 0.34 0.35
[1] "10.6%"
Time difference of 45.70956 secs
Time difference of 1.35344 hours
[1] 0.40 0.34 0.35
[1] "10.7%"
Time difference of 45.69842 secs
Time difference of 1.366134 hours
[1] 0.40 0.34 0.35
[1] "10.8%"
Time difference of 45.65383 secs
Time difference of 1.378816 hours
[1] 0.40 0.34 0.35
[1] "10.9%"
Time difference of 45.64691 secs
Time difference of 1.391495 hours
[1] 0.40 0.34 0.35
[1] "11%"
Time difference of 45.69479 secs
Time difference of 1.404188 hours
[1] 0.40 0.34 0.35
[1] "11.1%"
Time difference of 45.66315 secs
Time difference of 1.416873 hours
[1] 0.40 0.34 0.35
[1] "11.2%"
Time difference of 45.64225 secs
Time difference of 1.429551 hours
[1] 0.40 0.34 0.35
[1] "11.3%"
Time difference of 45.59894 secs
Time difference of 1.442218 hours
[1] 0.40 0.34 0.35
[1] "11.4%"
Time difference of 45.65729 secs
Time difference of 1.4549 hours
[1] 0.40 0.34 0.35
[1] "11.5%"
Time difference of 45.68499 secs
Time difference of 1.467591 hours
[1] 0.40 0.34 0.35
[1] "11.6%"
Time difference of 45.5748 secs
Time difference of 1.480251 hours
[1] 0.40 0.34 0.35
[1] "11.7%"
Time difference of 45.69965 secs
Time difference of 1.492945 hours
[1] 0.40 0.33 0.35
[1] "11.8%"
Time difference of 45.59078 secs
Time difference of 1.505609 hours
[1] 0.40 0.33 0.34
[1] "11.9%"
Time difference of 45.67021 secs
Time difference of 1.518296 hours
[1] 0.40 0.33 0.34
[1] "12%"
Time difference of 45.62627 secs
Time difference of 1.53097 hours
[1] 0.40 0.33 0.34
[1] "12.1%"
Time difference of 45.7048 secs
Time difference of 1.543666 hours
[1] 0.40 0.33 0.34
[1] "12.2%"
Time difference of 45.68464 secs
Time difference of 1.556356 hours
[1] 0.40 0.33 0.34
[1] "12.3%"
Time difference of 45.68202 secs
Time difference of 1.569045 hours
[1] 0.39 0.33 0.34
[1] "12.4%"
Time difference of 45.69084 secs
Time difference of 1.581737 hours
[1] 0.39 0.33 0.34
[1] "12.5%"
Time difference of 45.58097 secs
Time difference of 1.594399 hours
[1] 0.39 0.33 0.34
[1] "12.6%"
Time difference of 45.65852 secs
Time difference of 1.607082 hours
[1] 0.39 0.33 0.34
[1] "12.7%"
Time difference of 45.65431 secs
Time difference of 1.619764 hours
[1] 0.39 0.33 0.34
[1] "12.8%"
Time difference of 45.68159 secs
Time difference of 1.632453 hours
[1] 0.39 0.33 0.34
[1] "12.9%"
Time difference of 45.63415 secs
Time difference of 1.64513 hours
[1] 0.39 0.33 0.34
[1] "13%"
Time difference of 45.6516 secs
Time difference of 1.657811 hours
[1] 0.39 0.33 0.34
[1] "13.1%"
Time difference of 45.65002 secs
Time difference of 1.670491 hours
[1] 0.39 0.33 0.34
[1] "13.2%"
Time difference of 45.56951 secs
Time difference of 1.68315 hours
[1] 0.39 0.33 0.34
[1] "13.3%"
Time difference of 45.69316 secs
Time difference of 1.695842 hours
[1] 0.39 0.33 0.34
[1] "13.4%"
Time difference of 45.61242 secs
Time difference of 1.708513 hours
[1] 0.39 0.33 0.34
[1] "13.5%"
Time difference of 45.60179 secs
Time difference of 1.72118 hours
[1] 0.39 0.33 0.34
[1] "13.6%"
Time difference of 45.61054 secs
Time difference of 1.73385 hours
[1] 0.39 0.33 0.34
[1] "13.7%"
Time difference of 45.65034 secs
Time difference of 1.74653 hours
[1] 0.39 0.33 0.34
[1] "13.8%"
Time difference of 45.67961 secs
Time difference of 1.759219 hours
[1] 0.39 0.33 0.34
[1] "13.9%"
Time difference of 45.52126 secs
Time difference of 1.771864 hours
[1] 0.39 0.33 0.34
[1] "14%"
Time difference of 45.6322 secs
Time difference of 1.78454 hours
[1] 0.39 0.33 0.33
[1] "14.1%"
Time difference of 45.63945 secs
Time difference of 1.797218 hours
[1] 0.39 0.33 0.33
[1] "14.2%"
Time difference of 45.59493 secs
Time difference of 1.809883 hours
[1] 0.39 0.32 0.33
[1] "14.3%"
Time difference of 45.67631 secs
Time difference of 1.822571 hours
[1] 0.39 0.32 0.33
[1] "14.4%"
Time difference of 45.72971 secs
Time difference of 1.835275 hours
[1] 0.39 0.32 0.33
[1] "14.5%"
Time difference of 45.65678 secs
Time difference of 1.847957 hours
[1] 0.39 0.32 0.33
[1] "14.6%"
Time difference of 45.67618 secs
Time difference of 1.860645 hours
[1] 0.39 0.32 0.33
[1] "14.7%"
Time difference of 45.62577 secs
Time difference of 1.873319 hours
[1] 0.39 0.32 0.33
[1] "14.8%"
Time difference of 45.6688 secs
Time difference of 1.886005 hours
[1] 0.39 0.32 0.33
[1] "14.9%"
Time difference of 45.66994 secs
Time difference of 1.898691 hours
[1] 0.39 0.32 0.33
[1] "15%"
Time difference of 45.64145 secs
Time difference of 1.911369 hours
[1] 0.39 0.32 0.33
[1] "15.1%"
Time difference of 45.63412 secs
Time difference of 1.924046 hours
[1] 0.39 0.32 0.33
[1] "15.2%"
Time difference of 45.61678 secs
Time difference of 1.936717 hours
[1] 0.39 0.32 0.33
[1] "15.3%"
Time difference of 45.68447 secs
Time difference of 1.949407 hours
[1] 0.39 0.32 0.33
[1] "15.4%"
Time difference of 45.70783 secs
Time difference of 1.962104 hours
[1] 0.39 0.32 0.33
[1] "15.5%"
Time difference of 45.57351 secs
Time difference of 1.974764 hours
[1] 0.39 0.32 0.33
[1] "15.6%"
Time difference of 45.70397 secs
Time difference of 1.987459 hours
[1] 0.39 0.32 0.33
[1] "15.7%"
Time difference of 45.76597 secs
Time difference of 2.000172 hours
[1] 0.39 0.32 0.33
[1] "15.8%"
Time difference of 45.58421 secs
Time difference of 2.012835 hours
[1] 0.39 0.32 0.33
[1] "15.9%"
Time difference of 45.61387 secs
Time difference of 2.025505 hours
[1] 0.39 0.32 0.33
[1] "16%"
Time difference of 45.63212 secs
Time difference of 2.038181 hours
[1] 0.39 0.32 0.33
[1] "16.1%"
Time difference of 45.63088 secs
Time difference of 2.050856 hours
[1] 0.39 0.32 0.33
[1] "16.2%"
Time difference of 45.75265 secs
Time difference of 2.063566 hours
[1] 0.39 0.32 0.33
[1] "16.3%"
Time difference of 45.62719 secs
Time difference of 2.07624 hours
[1] 0.39 0.32 0.33
[1] "16.4%"
Time difference of 45.72209 secs
Time difference of 2.088941 hours
[1] 0.39 0.32 0.33
[1] "16.5%"
Time difference of 45.69568 secs
Time difference of 2.101634 hours
[1] 0.39 0.32 0.33
[1] "16.6%"
Time difference of 45.62974 secs
Time difference of 2.114309 hours
[1] 0.39 0.32 0.33
[1] "16.7%"
Time difference of 45.66826 secs
Time difference of 2.126995 hours
[1] 0.39 0.32 0.33
[1] "16.8%"
Time difference of 45.70732 secs
Time difference of 2.139691 hours
[1] 0.39 0.32 0.33
[1] "16.9%"
Time difference of 45.69376 secs
Time difference of 2.152384 hours
[1] 0.39 0.32 0.33
[1] "17%"
Time difference of 45.63219 secs
Time difference of 2.16506 hours
[1] 0.39 0.32 0.33
[1] "17.1%"
Time difference of 45.62092 secs
Time difference of 2.177733 hours
[1] 0.39 0.32 0.33
[1] "17.2%"
Time difference of 45.68463 secs
Time difference of 2.190423 hours
[1] 0.39 0.32 0.33
[1] "17.3%"
Time difference of 45.71703 secs
Time difference of 2.203122 hours
[1] 0.39 0.32 0.33
[1] "17.4%"
Time difference of 45.69362 secs
Time difference of 2.215815 hours
[1] 0.39 0.32 0.33
[1] "17.5%"
Time difference of 45.63609 secs
Time difference of 2.228492 hours
[1] 0.39 0.32 0.32
[1] "17.6%"
Time difference of 45.65439 secs
Time difference of 2.241174 hours
[1] 0.39 0.32 0.32
[1] "17.7%"
Time difference of 45.65752 secs
Time difference of 2.253857 hours
[1] 0.39 0.32 0.32
[1] "17.8%"
Time difference of 45.63681 secs
Time difference of 2.266534 hours
[1] 0.39 0.32 0.32
[1] "17.9%"
Time difference of 45.64942 secs
Time difference of 2.279214 hours
[1] 0.39 0.31 0.32
[1] "18%"
Time difference of 45.63225 secs
Time difference of 2.29189 hours
[1] 0.39 0.31 0.32
[1] "18.1%"
Time difference of 45.70346 secs
Time difference of 2.304586 hours
[1] 0.39 0.31 0.32
[1] "18.2%"
Time difference of 45.63867 secs
Time difference of 2.317263 hours
[1] 0.39 0.31 0.32
[1] "18.3%"
Time difference of 45.59606 secs
Time difference of 2.329929 hours
[1] 0.39 0.31 0.32
[1] "18.4%"
Time difference of 45.62785 secs
Time difference of 2.342603 hours
[1] 0.39 0.31 0.32
[1] "18.5%"
Time difference of 45.77187 secs
Time difference of 2.355318 hours
[1] 0.39 0.31 0.32
[1] "18.6%"
Time difference of 45.72392 secs
Time difference of 2.368019 hours
[1] 0.39 0.31 0.32
[1] "18.7%"
Time difference of 45.74957 secs
Time difference of 2.380727 hours
[1] 0.39 0.31 0.32
[1] "18.8%"
Time difference of 45.66048 secs
Time difference of 2.393411 hours
[1] 0.39 0.31 0.32
[1] "18.9%"
Time difference of 45.65568 secs
Time difference of 2.406093 hours
[1] 0.39 0.31 0.32
[1] "19%"
Time difference of 45.68362 secs
Time difference of 2.418783 hours
[1] 0.38 0.31 0.32
[1] "19.1%"
Time difference of 45.63854 secs
Time difference of 2.431461 hours
[1] 0.38 0.31 0.32
[1] "19.2%"
Time difference of 45.72581 secs
Time difference of 2.444163 hours
[1] 0.38 0.31 0.32
[1] "19.3%"
Time difference of 45.67053 secs
Time difference of 2.456849 hours
[1] 0.38 0.31 0.32
[1] "19.4%"
Time difference of 45.60201 secs
Time difference of 2.469516 hours
[1] 0.38 0.31 0.32
[1] "19.5%"
Time difference of 45.64055 secs
Time difference of 2.482195 hours
[1] 0.38 0.31 0.32
[1] "19.6%"
Time difference of 45.64308 secs
Time difference of 2.494873 hours
[1] 0.38 0.31 0.32
[1] "19.7%"
Time difference of 45.67037 secs
Time difference of 2.50756 hours
[1] 0.38 0.31 0.32
[1] "19.8%"
Time difference of 45.60388 secs
Time difference of 2.520228 hours
[1] 0.38 0.31 0.32
[1] "19.9%"
Time difference of 45.6207 secs
Time difference of 2.5329 hours
[1] 0.38 0.31 0.32
[1] "20%"
Time difference of 45.69195 secs
Time difference of 2.545592 hours
[1] 0.38 0.31 0.32
[1] "20.1%"
Time difference of 45.66751 secs
Time difference of 2.558278 hours
[1] 0.38 0.31 0.32
[1] "20.2%"
Time difference of 45.61115 secs
Time difference of 2.570948 hours
[1] 0.38 0.31 0.32
[1] "20.3%"
Time difference of 45.68258 secs
Time difference of 2.583638 hours
[1] 0.38 0.31 0.32
[1] "20.4%"
Time difference of 45.66338 secs
Time difference of 2.596322 hours
[1] 0.38 0.31 0.32
[1] "20.5%"
Time difference of 45.67234 secs
Time difference of 2.609009 hours
[1] 0.38 0.31 0.32
[1] "20.6%"
Time difference of 45.6514 secs
Time difference of 2.62169 hours
[1] 0.38 0.31 0.32
[1] "20.7%"
Time difference of 45.68571 secs
Time difference of 2.634381 hours
[1] 0.38 0.31 0.32
[1] "20.8%"
Time difference of 45.6685 secs
Time difference of 2.647067 hours
[1] 0.38 0.31 0.32
[1] "20.9%"
Time difference of 45.60855 secs
Time difference of 2.659736 hours
[1] 0.38 0.31 0.32
