Loading required package: Rcpp
Loading required package: RcppZiggurat
Loading required package: RcppParallel

Attaching package: ‘RcppParallel’

The following object is masked from ‘package:Rcpp’:

    LdFlags


Rfast: 2.1.0
 ___ __ __ __ __    __ __ __ __ __ _             _               __ __ __ __ __     __ __ __ __ __ __   
|  __ __ __ __  |  |  __ __ __ __ _/            / \             |  __ __ __ __ /   /__ __ _   _ __ __\  
| |           | |  | |                         / _ \            | |                        / /          
| |           | |  | |                        / / \ \           | |                       / /          
| |           | |  | |                       / /   \ \          | |                      / /          
| |__ __ __ __| |  | |__ __ __ __           / /     \ \         | |__ __ __ __ _        / /__/\          
|    __ __ __ __|  |  __ __ __ __|         / /__ _ __\ \        |_ __ __ __ _   |      / ___  /           
|   \              | |                    / _ _ _ _ _ _ \                     | |      \/  / /       
| |\ \             | |                   / /           \ \                    | |         / /          
| | \ \            | |                  / /             \ \                   | |        / /          
| |  \ \           | |                 / /               \ \                  | |       / /          
| |   \ \__ __ _   | |                / /                 \ \     _ __ __ __ _| |      / /          
|_|    \__ __ __\  |_|               /_/                   \_\   /_ __ __ __ ___|      \/             team

Attaching package: ‘mvnfast’

The following objects are masked from ‘package:Rfast’:

    dmvt, rmvt

[1] "2019-12-31"
[1] 3084
[1] 797
[1] 3881
[1] 3881
[1] TRUE
[1] "0.5%"
Time difference of 48.10558 secs
Time difference of 48.1064 secs
[1] 0.33 0.64 0.51
[1] "1%"
Time difference of 47.42371 secs
Time difference of 1.592175 mins
[1] 0.34 0.64 0.62
[1] "1.5%"
Time difference of 47.35913 secs
Time difference of 2.381498 mins
[1] 0.33 0.64 0.59
[1] "2%"
Time difference of 47.266 secs
Time difference of 3.16927 mins
[1] 0.32 0.62 0.59
[1] "2.5%"
Time difference of 47.2831 secs
Time difference of 3.957326 mins
[1] 0.32 0.59 0.59
[1] "3%"
Time difference of 47.12533 secs
Time difference of 4.742753 mins
[1] 0.31 0.57 0.57
[1] "3.5%"
Time difference of 46.8594 secs
Time difference of 5.523747 mins
[1] 0.30 0.56 0.55
[1] "4%"
Time difference of 46.90195 secs
Time difference of 6.305451 mins
[1] 0.29 0.56 0.54
[1] "4.5%"
Time difference of 46.90832 secs
Time difference of 7.087261 mins
[1] 0.29 0.55 0.54
[1] "5%"
Time difference of 46.89603 secs
Time difference of 7.868867 mins
[1] 0.28 0.53 0.53
[1] "5.5%"
Time difference of 46.84553 secs
Time difference of 8.64963 mins
[1] 0.28 0.54 0.52
[1] "6%"
Time difference of 46.95958 secs
Time difference of 9.432295 mins
[1] 0.28 0.52 0.51
[1] "6.5%"
Time difference of 46.84701 secs
Time difference of 10.21308 mins
[1] 0.29 0.52 0.51
[1] "7%"
Time difference of 46.82765 secs
Time difference of 10.99355 mins
[1] 0.29 0.51 0.50
[1] "7.5%"
Time difference of 46.81442 secs
Time difference of 11.77379 mins
[1] 0.29 0.51 0.49
[1] "8%"
Time difference of 46.70281 secs
Time difference of 12.55218 mins
[1] 0.28 0.50 0.49
[1] "8.5%"
Time difference of 46.86748 secs
Time difference of 13.33331 mins
[1] 0.28 0.50 0.48
[1] "9%"
Time difference of 46.82767 secs
Time difference of 14.11378 mins
[1] 0.28 0.49 0.48
[1] "9.5%"
Time difference of 46.8269 secs
Time difference of 14.89423 mins
[1] 0.28 0.50 0.48
[1] "10%"
Time difference of 46.81541 secs
Time difference of 15.67449 mins
[1] 0.28 0.50 0.47
[1] "10.5%"
Time difference of 46.95297 secs
Time difference of 16.45705 mins
[1] 0.28 0.49 0.47
[1] "11%"
Time difference of 47.24117 secs
Time difference of 17.2444 mins
[1] 0.28 0.49 0.47
[1] "11.5%"
Time difference of 46.80429 secs
Time difference of 18.02448 mins
[1] 0.28 0.49 0.47
[1] "12%"
Time difference of 46.88908 secs
Time difference of 18.80597 mins
[1] 0.28 0.49 0.47
[1] "12.5%"
Time difference of 46.88623 secs
Time difference of 19.58741 mins
[1] 0.28 0.49 0.47
[1] "13%"
Time difference of 46.84616 secs
Time difference of 20.36819 mins
[1] 0.28 0.49 0.47
[1] "13.5%"
Time difference of 46.77998 secs
Time difference of 21.14786 mins
[1] 0.28 0.48 0.47
[1] "14%"
Time difference of 46.9554 secs
Time difference of 21.93045 mins
[1] 0.28 0.48 0.47
[1] "14.5%"
Time difference of 46.83364 secs
Time difference of 22.71102 mins
[1] 0.28 0.48 0.47
[1] "15%"
Time difference of 46.7625 secs
Time difference of 23.4904 mins
[1] 0.28 0.48 0.47
[1] "15.5%"
Time difference of 46.88993 secs
Time difference of 24.2719 mins
[1] 0.29 0.48 0.47
[1] "16%"
Time difference of 46.94739 secs
Time difference of 25.05437 mins
[1] 0.29 0.48 0.47
[1] "16.5%"
Time difference of 46.89498 secs
Time difference of 25.83595 mins
[1] 0.29 0.48 0.47
[1] "17%"
Time difference of 46.87013 secs
Time difference of 26.61713 mins
[1] 0.29 0.48 0.47
[1] "17.5%"
Time difference of 46.76915 secs
Time difference of 27.39662 mins
[1] 0.29 0.48 0.47
[1] "18%"
Time difference of 46.78541 secs
Time difference of 28.17638 mins
[1] 0.28 0.48 0.47
[1] "18.5%"
Time difference of 46.80751 secs
Time difference of 28.95651 mins
[1] 0.28 0.47 0.47
[1] "19%"
Time difference of 46.84517 secs
Time difference of 29.73727 mins
[1] 0.28 0.47 0.47
[1] "19.5%"
Time difference of 46.80244 secs
Time difference of 30.51732 mins
[1] 0.28 0.47 0.46
[1] "20%"
Time difference of 46.89347 secs
Time difference of 31.29888 mins
[1] 0.28 0.47 0.46
[1] "20.5%"
Time difference of 46.83329 secs
Time difference of 32.07944 mins
[1] 0.28 0.47 0.46
[1] "21%"
Time difference of 46.82151 secs
Time difference of 32.85981 mins
[1] 0.28 0.47 0.46
[1] "21.5%"
Time difference of 46.69664 secs
Time difference of 33.63809 mins
[1] 0.28 0.47 0.46
[1] "22%"
Time difference of 46.86636 secs
Time difference of 34.4192 mins
[1] 0.29 0.47 0.46
[1] "22.5%"
Time difference of 46.81451 secs
Time difference of 35.19945 mins
[1] 0.29 0.47 0.45
[1] "23%"
Time difference of 46.73429 secs
Time difference of 35.97836 mins
[1] 0.28 0.47 0.45
[1] "23.5%"
Time difference of 46.8276 secs
Time difference of 36.75883 mins
[1] 0.28 0.47 0.45
[1] "24%"
Time difference of 46.82837 secs
Time difference of 37.5393 mins
[1] 0.28 0.47 0.45
[1] "24.5%"
Time difference of 46.79726 secs
Time difference of 38.31927 mins
[1] 0.28 0.46 0.45
[1] "25%"
Time difference of 46.9762 secs
Time difference of 39.10221 mins
[1] 0.28 0.47 0.46
[1] "25.5%"
Time difference of 46.85871 secs
Time difference of 39.88319 mins
[1] 0.28 0.46 0.45
[1] "26%"
Time difference of 46.80102 secs
Time difference of 40.66322 mins
[1] 0.28 0.46 0.45
[1] "26.5%"
Time difference of 46.85425 secs
Time difference of 41.44413 mins
[1] 0.28 0.46 0.46
[1] "27%"
Time difference of 46.8457 secs
Time difference of 42.22489 mins
[1] 0.28 0.46 0.45
[1] "27.5%"
Time difference of 46.81308 secs
Time difference of 43.00512 mins
[1] 0.28 0.46 0.45
[1] "28%"
Time difference of 46.74907 secs
Time difference of 43.78428 mins
[1] 0.28 0.46 0.45
[1] "28.5%"
Time difference of 46.86742 secs
Time difference of 44.56541 mins
[1] 0.28 0.46 0.45
[1] "29%"
Time difference of 46.85341 secs
Time difference of 45.3463 mins
[1] 0.28 0.46 0.45
[1] "29.5%"
Time difference of 46.96634 secs
Time difference of 46.12908 mins
[1] 0.28 0.46 0.45
[1] "30%"
Time difference of 46.80051 secs
Time difference of 46.9091 mins
[1] 0.28 0.46 0.45
[1] "30.5%"
Time difference of 47.85101 secs
Time difference of 47.70662 mins
[1] 0.28 0.46 0.45
[1] "31%"
Time difference of 54.79877 secs
Time difference of 48.61994 mins
[1] 0.28 0.46 0.45
[1] "31.5%"
Time difference of 1.075319 mins
Time difference of 49.69527 mins
[1] 0.28 0.46 0.45
[1] "32%"
Time difference of 53.57528 secs
Time difference of 50.58819 mins
[1] 0.28 0.46 0.45
[1] "32.5%"
Time difference of 48.53941 secs
Time difference of 51.39719 mins
[1] 0.28 0.46 0.45
[1] "33%"
Time difference of 51.13667 secs
Time difference of 52.24948 mins
[1] 0.28 0.46 0.45
[1] "33.5%"
Time difference of 1.07571 mins
Time difference of 53.32519 mins
[1] 0.28 0.46 0.45
[1] "34%"
Time difference of 52.63791 secs
Time difference of 54.2025 mins
[1] 0.28 0.46 0.45
[1] "34.5%"
Time difference of 47.24366 secs
Time difference of 54.9899 mins
[1] 0.28 0.46 0.45
[1] "35%"
Time difference of 46.97692 secs
Time difference of 55.77286 mins
[1] 0.28 0.46 0.45
[1] "35.5%"
Time difference of 46.85717 secs
Time difference of 56.55382 mins
[1] 0.28 0.46 0.45
[1] "36%"
Time difference of 46.72248 secs
Time difference of 57.33253 mins
[1] 0.28 0.46 0.45
[1] "36.5%"
Time difference of 46.89906 secs
Time difference of 58.11419 mins
[1] 0.28 0.46 0.45
[1] "37%"
Time difference of 46.81383 secs
Time difference of 58.89443 mins
[1] 0.28 0.46 0.45
[1] "37.5%"
Time difference of 46.82576 secs
Time difference of 59.67486 mins
[1] 0.28 0.46 0.45
[1] "38%"
Time difference of 46.86037 secs
Time difference of 1.007598 hours
[1] 0.28 0.46 0.45
[1] "38.5%"
Time difference of 46.81041 secs
Time difference of 1.020601 hours
[1] 0.28 0.46 0.45
[1] "39%"
Time difference of 46.84426 secs
Time difference of 1.033613 hours
[1] 0.28 0.46 0.45
[1] "39.5%"
Time difference of 46.80278 secs
Time difference of 1.046614 hours
[1] 0.28 0.46 0.45
[1] "40%"
Time difference of 46.77186 secs
Time difference of 1.059607 hours
[1] 0.28 0.46 0.45
[1] "40.5%"
Time difference of 46.80628 secs
Time difference of 1.072608 hours
[1] 0.28 0.46 0.45
[1] "41%"
Time difference of 46.87106 secs
Time difference of 1.085628 hours
[1] 0.28 0.46 0.45
[1] "41.5%"
Time difference of 46.74448 secs
Time difference of 1.098613 hours
[1] 0.28 0.46 0.45
[1] "42%"
Time difference of 46.79193 secs
Time difference of 1.111611 hours
[1] 0.28 0.46 0.45
[1] "42.5%"
Time difference of 46.87783 secs
Time difference of 1.124633 hours
[1] 0.28 0.46 0.45
[1] "43%"
Time difference of 46.81069 secs
Time difference of 1.137636 hours
[1] 0.28 0.46 0.45
[1] "43.5%"
Time difference of 46.90279 secs
Time difference of 1.150664 hours
[1] 0.28 0.46 0.45
[1] "44%"
Time difference of 46.78132 secs
Time difference of 1.163659 hours
[1] 0.28 0.46 0.45
[1] "44.5%"
Time difference of 46.83704 secs
Time difference of 1.17667 hours
[1] 0.28 0.46 0.45
[1] "45%"
Time difference of 46.76672 secs
Time difference of 1.189661 hours
[1] 0.28 0.46 0.45
[1] "45.5%"
Time difference of 46.8191 secs
Time difference of 1.202666 hours
[1] 0.28 0.46 0.45
[1] "46%"
Time difference of 46.84786 secs
Time difference of 1.215679 hours
[1] 0.28 0.46 0.45
[1] "46.5%"
Time difference of 46.79625 secs
Time difference of 1.228678 hours
[1] 0.28 0.46 0.45
[1] "47%"
Time difference of 46.79255 secs
Time difference of 1.241676 hours
[1] 0.28 0.46 0.45
[1] "47.5%"
Time difference of 46.75535 secs
Time difference of 1.254664 hours
[1] 0.28 0.46 0.45
[1] "48%"
Time difference of 46.78346 secs
Time difference of 1.26766 hours
[1] 0.28 0.46 0.45
[1] "48.5%"
Time difference of 46.85388 secs
Time difference of 1.280675 hours
[1] 0.28 0.46 0.45
[1] "49%"
Time difference of 46.9835 secs
Time difference of 1.293726 hours
[1] 0.28 0.46 0.45
[1] "49.5%"
Time difference of 48.24811 secs
Time difference of 1.307128 hours
[1] 0.28 0.46 0.45
[1] "50%"
Time difference of 47.17466 secs
Time difference of 1.320232 hours
[1] 0.28 0.46 0.45
[1] "50.5%"
Time difference of 47.16469 secs
Time difference of 1.333334 hours
[1] 0.28 0.46 0.46
[1] "51%"
Time difference of 48.47336 secs
Time difference of 1.346799 hours
[1] 0.28 0.46 0.46
[1] "51.5%"
Time difference of 53.42838 secs
Time difference of 1.36164 hours
[1] 0.28 0.46 0.46
[1] "52%"
Time difference of 48.57161 secs
Time difference of 1.375132 hours
[1] 0.28 0.46 0.46
[1] "52.5%"
Time difference of 46.77005 secs
Time difference of 1.388124 hours
[1] 0.29 0.46 0.46
[1] "53%"
Time difference of 47.74288 secs
Time difference of 1.401386 hours
[1] 0.29 0.46 0.46
[1] "53.5%"
Time difference of 48.10653 secs
Time difference of 1.414749 hours
[1] 0.29 0.46 0.46
[1] "54%"
Time difference of 47.60842 secs
Time difference of 1.427974 hours
[1] 0.29 0.46 0.46
[1] "54.5%"
Time difference of 47.79189 secs
Time difference of 1.441252 hours
[1] 0.29 0.46 0.46
[1] "55%"
Time difference of 47.82195 secs
Time difference of 1.454536 hours
[1] 0.29 0.46 0.46
[1] "55.5%"
Time difference of 47.44218 secs
Time difference of 1.467714 hours
[1] 0.29 0.46 0.46
[1] "56%"
Time difference of 46.7867 secs
Time difference of 1.480711 hours
[1] 0.28 0.46 0.46
[1] "56.5%"
Time difference of 46.78833 secs
Time difference of 1.493707 hours
[1] 0.28 0.46 0.46
[1] "57%"
Time difference of 46.77244 secs
Time difference of 1.5067 hours
[1] 0.28 0.46 0.46
[1] "57.5%"
Time difference of 46.77161 secs
Time difference of 1.519692 hours
[1] 0.28 0.46 0.46
[1] "58%"
Time difference of 46.66359 secs
Time difference of 1.532654 hours
[1] 0.28 0.46 0.46
[1] "58.5%"
Time difference of 46.72385 secs
Time difference of 1.545633 hours
[1] 0.28 0.46 0.46
[1] "59%"
Time difference of 46.71636 secs
Time difference of 1.55861 hours
[1] 0.28 0.46 0.46
[1] "59.5%"
Time difference of 46.68445 secs
Time difference of 1.571578 hours
[1] 0.28 0.46 0.46
[1] "60%"
Time difference of 46.71779 secs
Time difference of 1.584556 hours
[1] 0.28 0.46 0.46
[1] "60.5%"
Time difference of 46.80191 secs
Time difference of 1.597556 hours
[1] 0.28 0.46 0.46
[1] "61%"
Time difference of 46.67784 secs
Time difference of 1.610523 hours
[1] 0.28 0.46 0.46
[1] "61.5%"
Time difference of 46.59485 secs
Time difference of 1.623466 hours
[1] 0.28 0.46 0.46
[1] "62%"
Time difference of 46.75891 secs
Time difference of 1.636454 hours
[1] 0.28 0.46 0.46
[1] "62.5%"
Time difference of 46.62385 secs
Time difference of 1.649406 hours
[1] 0.28 0.46 0.46
[1] "63%"
Time difference of 46.66707 secs
Time difference of 1.662369 hours
[1] 0.28 0.46 0.46
[1] "63.5%"
Time difference of 46.74908 secs
Time difference of 1.675355 hours
[1] 0.28 0.46 0.46
[1] "64%"
Time difference of 46.53513 secs
Time difference of 1.688281 hours
[1] 0.28 0.46 0.46
[1] "64.5%"
Time difference of 46.71075 secs
Time difference of 1.701257 hours
[1] 0.28 0.46 0.45
[1] "65%"
Time difference of 46.66406 secs
Time difference of 1.714219 hours
[1] 0.28 0.46 0.45
[1] "65.5%"
Time difference of 46.75577 secs
Time difference of 1.727207 hours
[1] 0.28 0.46 0.45
[1] "66%"
Time difference of 46.776 secs
Time difference of 1.7402 hours
[1] 0.28 0.46 0.46
[1] "66.5%"
Time difference of 46.75889 secs
Time difference of 1.753189 hours
[1] 0.28 0.46 0.46
[1] "67%"
Time difference of 46.72655 secs
Time difference of 1.766169 hours
[1] 0.28 0.46 0.46
[1] "67.5%"
Time difference of 46.70602 secs
Time difference of 1.779143 hours
[1] 0.28 0.46 0.46
[1] "68%"
Time difference of 46.58562 secs
Time difference of 1.792084 hours
[1] 0.28 0.46 0.46
[1] "68.5%"
Time difference of 46.59476 secs
Time difference of 1.805027 hours
[1] 0.28 0.46 0.45
[1] "69%"
Time difference of 46.69089 secs
Time difference of 1.817996 hours
[1] 0.28 0.46 0.46
[1] "69.5%"
Time difference of 46.66448 secs
Time difference of 1.830959 hours
[1] 0.28 0.46 0.46
[1] "70%"
Time difference of 46.61819 secs
Time difference of 1.843909 hours
[1] 0.28 0.46 0.45
[1] "70.5%"
Time difference of 46.80642 secs
Time difference of 1.856911 hours
[1] 0.28 0.46 0.45
[1] "71%"
Time difference of 46.65824 secs
Time difference of 1.869871 hours
[1] 0.28 0.46 0.46
[1] "71.5%"
Time difference of 46.71736 secs
Time difference of 1.882849 hours
[1] 0.29 0.46 0.45
[1] "72%"
Time difference of 46.59438 secs
Time difference of 1.895792 hours
[1] 0.29 0.46 0.45
[1] "72.5%"
Time difference of 46.69944 secs
Time difference of 1.908764 hours
[1] 0.29 0.46 0.45
[1] "73%"
Time difference of 46.65558 secs
Time difference of 1.921724 hours
[1] 0.29 0.46 0.45
[1] "73.5%"
Time difference of 46.71892 secs
Time difference of 1.934701 hours
[1] 0.29 0.46 0.46
[1] "74%"
Time difference of 46.73441 secs
Time difference of 1.947683 hours
[1] 0.28 0.46 0.46
[1] "74.5%"
Time difference of 46.8229 secs
Time difference of 1.96069 hours
[1] 0.29 0.46 0.46
[1] "75%"
Time difference of 46.63327 secs
Time difference of 1.973644 hours
[1] 0.28 0.46 0.46
[1] "75.5%"
Time difference of 46.61608 secs
Time difference of 1.986593 hours
[1] 0.28 0.46 0.46
[1] "76%"
Time difference of 46.72032 secs
Time difference of 1.999571 hours
[1] 0.28 0.46 0.46
[1] "76.5%"
Time difference of 46.8189 secs
Time difference of 2.012576 hours
[1] 0.28 0.46 0.46
[1] "77%"
Time difference of 46.80669 secs
Time difference of 2.025578 hours
[1] 0.28 0.46 0.46
[1] "77.5%"
Time difference of 46.7768 secs
Time difference of 2.038572 hours
[1] 0.29 0.46 0.46
[1] "78%"
Time difference of 46.8047 secs
Time difference of 2.051573 hours
[1] 0.29 0.46 0.46
[1] "78.5%"
Time difference of 46.87534 secs
Time difference of 2.064594 hours
[1] 0.29 0.46 0.46
[1] "79%"
Time difference of 46.84347 secs
Time difference of 2.077607 hours
[1] 0.29 0.46 0.46
[1] "79.5%"
Time difference of 46.79757 secs
Time difference of 2.090606 hours
[1] 0.29 0.46 0.46
[1] "80%"
Time difference of 46.8248 secs
Time difference of 2.103613 hours
[1] 0.29 0.46 0.46
[1] "80.5%"
Time difference of 46.88547 secs
Time difference of 2.116637 hours
[1] 0.29 0.46 0.46
[1] "81%"
Time difference of 46.85298 secs
Time difference of 2.129652 hours
[1] 0.29 0.46 0.46
[1] "81.5%"
Time difference of 46.85783 secs
Time difference of 2.142668 hours
[1] 0.29 0.46 0.46
[1] "82%"
Time difference of 46.69346 secs
Time difference of 2.155639 hours
[1] 0.28 0.46 0.46
[1] "82.5%"
Time difference of 46.82927 secs
Time difference of 2.168647 hours
[1] 0.29 0.46 0.46
[1] "83%"
Time difference of 47.02814 secs
Time difference of 2.181711 hours
[1] 0.29 0.46 0.46
[1] "83.5%"
Time difference of 46.91122 secs
Time difference of 2.194742 hours
[1] 0.29 0.46 0.46
[1] "84%"
Time difference of 47.00339 secs
Time difference of 2.207798 hours
[1] 0.29 0.46 0.46
[1] "84.5%"
Time difference of 46.96598 secs
Time difference of 2.220845 hours
[1] 0.29 0.46 0.46
[1] "85%"
Time difference of 46.92671 secs
Time difference of 2.23388 hours
[1] 0.29 0.46 0.46
[1] "85.5%"
Time difference of 46.88177 secs
Time difference of 2.246903 hours
[1] 0.29 0.46 0.46
[1] "86%"
Time difference of 46.94065 secs
Time difference of 2.259943 hours
[1] 0.29 0.46 0.46
[1] "86.5%"
Time difference of 47.00448 secs
Time difference of 2.273 hours
[1] 0.29 0.46 0.46
[1] "87%"
Time difference of 46.87115 secs
Time difference of 2.28602 hours
[1] 0.29 0.46 0.46
[1] "87.5%"
Time difference of 46.70382 secs
Time difference of 2.298993 hours
[1] 0.29 0.46 0.46
[1] "88%"
Time difference of 46.9824 secs
Time difference of 2.312044 hours
[1] 0.29 0.46 0.46
[1] "88.5%"
Time difference of 46.50861 secs
Time difference of 2.324963 hours
[1] 0.29 0.46 0.46
[1] "89%"
Time difference of 46.54766 secs
Time difference of 2.337893 hours
[1] 0.29 0.46 0.46
[1] "89.5%"
Time difference of 46.55979 secs
Time difference of 2.350827 hours
[1] 0.28 0.46 0.46
[1] "90%"
Time difference of 46.63403 secs
Time difference of 2.363781 hours
[1] 0.28 0.46 0.46
[1] "90.5%"
Time difference of 46.57487 secs
Time difference of 2.376718 hours
[1] 0.28 0.46 0.46
[1] "91%"
Time difference of 46.61089 secs
Time difference of 2.389666 hours
[1] 0.29 0.46 0.46
[1] "91.5%"
Time difference of 46.60333 secs
Time difference of 2.402612 hours
[1] 0.28 0.46 0.46
[1] "92%"
Time difference of 46.6288 secs
Time difference of 2.415564 hours
[1] 0.28 0.46 0.46
[1] "92.5%"
Time difference of 46.59 secs
Time difference of 2.428506 hours
[1] 0.28 0.46 0.46
[1] "93%"
Time difference of 46.59588 secs
Time difference of 2.441449 hours
[1] 0.28 0.46 0.46
[1] "93.5%"
Time difference of 46.57159 secs
Time difference of 2.454386 hours
[1] 0.28 0.46 0.46
[1] "94%"
Time difference of 46.60188 secs
Time difference of 2.467331 hours
[1] 0.28 0.46 0.46
[1] "94.5%"
Time difference of 46.58036 secs
Time difference of 2.48027 hours
[1] 0.28 0.46 0.46
[1] "95%"
Time difference of 46.55098 secs
Time difference of 2.493201 hours
[1] 0.28 0.46 0.46
[1] "95.5%"
Time difference of 46.66831 secs
Time difference of 2.506165 hours
[1] 0.28 0.46 0.46
[1] "96%"
Time difference of 46.55845 secs
Time difference of 2.519098 hours
[1] 0.28 0.46 0.46
[1] "96.5%"
Time difference of 46.58828 secs
Time difference of 2.53204 hours
[1] 0.28 0.46 0.46
[1] "97%"
Time difference of 46.58543 secs
Time difference of 2.54498 hours
[1] 0.28 0.46 0.46
[1] "97.5%"
Time difference of 46.5577 secs
Time difference of 2.557913 hours
[1] 0.28 0.46 0.46
[1] "98%"
Time difference of 46.62636 secs
Time difference of 2.570865 hours
[1] 0.28 0.46 0.46
[1] "98.5%"
Time difference of 46.68191 secs
Time difference of 2.583832 hours
[1] 0.28 0.46 0.46
[1] "99%"
Time difference of 46.64139 secs
Time difference of 2.596788 hours
[1] 0.28 0.46 0.46
[1] "99.5%"
Time difference of 46.61263 secs
Time difference of 2.609736 hours
[1] 0.28 0.46 0.46
[1] "100%"
Time difference of 46.61042 secs
Time difference of 2.622684 hours
[1] 0.28 0.46 0.46
[1] 0.2818
[1] 0.4659
[1] 0.4669
corrplot 0.92 loaded
