[1] "2020-12-31"
[1] 3333
[1] 704
[1] 4037
[1] 4037
[1] "1%"
Time difference of 1.324116 mins
[1] "2%"
Time difference of 2.594725 mins
[1] "3%"
Time difference of 3.887654 mins
[1] "4%"
Time difference of 5.181674 mins
[1] "5%"
Time difference of 6.461456 mins
[1] "6%"
Time difference of 7.840856 mins
[1] "7%"
Time difference of 9.207816 mins
[1] "8%"
Time difference of 10.62632 mins
[1] "9%"
Time difference of 12.00648 mins
[1] "10%"
Time difference of 13.45442 mins
[1] "11%"
Time difference of 14.88291 mins
[1] "12%"
Time difference of 16.33696 mins
[1] "13%"
Time difference of 17.74198 mins
[1] "14%"
Time difference of 19.10262 mins
[1] "15%"
Time difference of 20.62018 mins
[1] "16%"
Time difference of 22.17661 mins
[1] "17%"
Time difference of 23.59455 mins
[1] "18%"
Time difference of 25.00391 mins
[1] "19%"
Time difference of 26.55636 mins
[1] "20%"
Time difference of 28.17284 mins
[1] "21%"
Time difference of 29.72544 mins
[1] "22%"
Time difference of 31.20312 mins
[1] "23%"
Time difference of 32.64561 mins
[1] "24%"
Time difference of 34.07613 mins
[1] "25%"
Time difference of 35.49781 mins
[1] "26%"
Time difference of 36.99063 mins
[1] "27%"
Time difference of 38.63283 mins
[1] "28%"
Time difference of 40.27427 mins
[1] "29%"
Time difference of 41.79673 mins
[1] "30%"
Time difference of 43.32414 mins
[1] "31%"
Time difference of 44.82708 mins
[1] "32%"
Time difference of 46.2468 mins
[1] "33%"
Time difference of 47.71442 mins
[1] "34%"
Time difference of 49.14403 mins
[1] "35%"
Time difference of 50.51285 mins
[1] "36%"
Time difference of 51.93777 mins
[1] "37%"
Time difference of 53.37196 mins
[1] "38%"
Time difference of 54.77284 mins
[1] "39%"
Time difference of 56.1947 mins
[1] "40%"
Time difference of 57.59411 mins
[1] "41%"
Time difference of 58.99609 mins
[1] "42%"
Time difference of 1.006282 hours
[1] "43%"
Time difference of 1.029886 hours
[1] "44%"
Time difference of 1.053651 hours
[1] "45%"
Time difference of 1.077316 hours
[1] "46%"
Time difference of 1.101703 hours
[1] "47%"
Time difference of 1.12546 hours
[1] "48%"
Time difference of 1.149139 hours
[1] "49%"
Time difference of 1.172883 hours
[1] "50%"
Time difference of 1.196524 hours
[1] "51%"
Time difference of 1.220208 hours
[1] "52%"
Time difference of 1.24411 hours
[1] "53%"
Time difference of 1.267816 hours
[1] "54%"
Time difference of 1.290851 hours
[1] "55%"
Time difference of 1.314601 hours
[1] "56%"
Time difference of 1.337755 hours
[1] "57%"
Time difference of 1.361754 hours
[1] "58%"
Time difference of 1.38706 hours
[1] "59%"
Time difference of 1.411665 hours
[1] "60%"
Time difference of 1.434519 hours
[1] "61%"
Time difference of 1.457648 hours
[1] "62%"
Time difference of 1.481359 hours
[1] "63%"
Time difference of 1.504521 hours
[1] "64%"
Time difference of 1.528932 hours
[1] "65%"
Time difference of 1.554619 hours
[1] "66%"
Time difference of 1.580089 hours
[1] "67%"
Time difference of 1.607127 hours
[1] "68%"
Time difference of 1.631508 hours
[1] "69%"
Time difference of 1.659346 hours
[1] "70%"
Time difference of 1.685535 hours
[1] "71%"
Time difference of 1.710455 hours
[1] "72%"
Time difference of 1.73575 hours
[1] "73%"
Time difference of 1.76134 hours
[1] "74%"
Time difference of 1.786773 hours
[1] "75%"
Time difference of 1.811162 hours
[1] "76%"
Time difference of 1.835424 hours
[1] "77%"
Time difference of 1.86026 hours
[1] "78%"
Time difference of 1.885834 hours
[1] "79%"
Time difference of 1.920687 hours
[1] "80%"
Time difference of 1.955832 hours
[1] "81%"
Time difference of 1.990303 hours
[1] "82%"
Time difference of 2.024156 hours
[1] "83%"
Time difference of 2.05321 hours
[1] "84%"
Time difference of 2.079674 hours
[1] "85%"
Time difference of 2.106831 hours
[1] "86%"
Time difference of 2.132247 hours
[1] "87%"
Time difference of 2.159635 hours
[1] "88%"
Time difference of 2.186458 hours
[1] "89%"
Time difference of 2.213398 hours
[1] "90%"
Time difference of 2.239155 hours
[1] "91%"
Time difference of 2.266308 hours
[1] "92%"
Time difference of 2.292708 hours
[1] "93%"
Time difference of 2.319595 hours
[1] "94%"
Time difference of 2.344958 hours
[1] "95%"
Time difference of 2.371613 hours
[1] "96%"
Time difference of 2.39736 hours
[1] "97%"
Time difference of 2.423126 hours
[1] "98%"
Time difference of 2.45009 hours
[1] "99%"
Time difference of 2.476166 hours
[1] "100%"
Time difference of 2.500947 hours
