Loading required package: colorspace
Loading required package: lme4
Loading required package: Matrix

### Mixture of methods including mixtures
### Arnost Komarek

### See citation("mixAK") or toBibtex(citation("mixAK")) for the best way to cite
### the package if you find it useful.



Attaching package: ‘LaplacesDemon’

The following objects are masked from ‘package:matrixcalc’:

    is.positive.definite, is.square.matrix, is.symmetric.matrix,
    lower.triangle, upper.triangle

Loading required package: MASS
Loading required package: Formula
Loading required package: moments
Loading required package: xtable
Loading required package: tseries
Registered S3 method overwritten by 'quantmod':
  method            from
  as.zoo.data.frame zoo 

Attaching package: ‘tseries’

The following object is masked from ‘package:LaplacesDemon’:

    read.matrix

Loading required package: QTLRel
R/QTLRel is loaded

Loading required package: ddst
Loading required package: orthopolynom
Loading required package: evd

Attaching package: ‘evd’

The following objects are masked from ‘package:LaplacesDemon’:

    dgpd, rgpd

Loading required package: sfsmisc

Attaching package: ‘sfsmisc’

The following object is masked from ‘package:lme4’:

    factorize

Loading required package: truncnorm
Loading required package: zoo

Attaching package: ‘zoo’

The following objects are masked from ‘package:base’:

    as.Date, as.Date.numeric

Loading required package: mvtnorm

Attaching package: ‘mvtnorm’

The following objects are masked from ‘package:LaplacesDemon’:

    dmvt, rmvt

[1] "2020-12-31"
[1] 3333
[1] 704
[1] 4037
[1] 4037
[1] 2e+03 1e-03 1e-03
[1] "0.25%"
Time difference of 17.14306 mins
Time difference of 3.05685 hours
